2026-03-22 18:06:36,211 | INFO     | pipeline | === Training Pipeline | horizon=5d | 16 symbols ===
2026-03-22 18:06:38,264 | INFO     | vnstock.common.data | Not a stock. Company and finance data unavailable.
2026-03-22 18:06:39,762 | INFO     | data_fetcher | [vnstock] VNINDEX: 967 rows fetched
2026-03-22 18:06:42,466 | INFO     | data_fetcher | [vnstock] VNM: 967 rows fetched
2026-03-22 18:06:45,173 | INFO     | data_fetcher | [vnstock] VIC: 967 rows fetched
2026-03-22 18:06:47,612 | INFO     | data_fetcher | [vnstock] HPG: 967 rows fetched
2026-03-22 18:06:50,216 | INFO     | data_fetcher | [vnstock] VCB: 967 rows fetched
2026-03-22 18:06:52,741 | INFO     | data_fetcher | [vnstock] FPT: 967 rows fetched
2026-03-22 18:06:55,277 | INFO     | data_fetcher | [vnstock] MWG: 967 rows fetched
2026-03-22 18:06:57,960 | INFO     | data_fetcher | [vnstock] MSN: 967 rows fetched
2026-03-22 18:07:00,384 | INFO     | data_fetcher | [vnstock] TCB: 967 rows fetched
2026-03-22 18:07:03,014 | INFO     | data_fetcher | [vnstock] SSI: 967 rows fetched
2026-03-22 18:07:05,385 | INFO     | data_fetcher | [vnstock] GAS: 967 rows fetched
2026-03-22 18:07:08,639 | INFO     | data_fetcher | [vnstock] PLX: 967 rows fetched
2026-03-22 18:07:12,043 | INFO     | data_fetcher | [vnstock] SAB: 967 rows fetched
2026-03-22 18:07:15,414 | INFO     | data_fetcher | [vnstock] VHM: 967 rows fetched
2026-03-22 18:07:18,238 | INFO     | data_fetcher | [vnstock] HPA: 26 rows fetched
2026-03-22 18:07:18,239 | WARNING  | data_fetcher | HPA: only 26 rows available. This symbol may be too new or illiquid — consider removing it from your watchlist.
2026-03-22 18:07:21,279 | INFO     | data_fetcher | [vnstock] SHS: 967 rows fetched
2026-03-22 18:07:24,206 | INFO     | data_fetcher | [vnstock] VGI: 967 rows fetched
2026-03-22 18:07:24,208 | INFO     | pipeline | --- VNM -----------------------------------
2026-03-22 18:07:24,292 | INFO     | features | Feature matrix: 738 rows × 108 columns
2026-03-22 18:07:24,306 | INFO     | pipeline |   Splits: train=518, val=110, test=110
2026-03-22 18:07:24,307 | INFO     | tuner | Tuning XGBoost (60 trials)…
2026-03-22 18:07:50,510 | INFO     | tuner | XGB best AUC: 0.6820  params={'n_estimators': 409, 'max_depth': 7, 'learning_rate': 0.15881249343666537, 'subsample': 0.6729809839514638, 'colsample_bytree': 0.7691776552053451, 'min_child_weight': 7, 'gamma': 0.1995863218939241, 'reg_alpha': 1.6073231972263948, 'reg_lambda': 1.8871208902419179, 'use_label_encoder': False, 'eval_metric': 'logloss', 'random_state': 42, 'n_jobs': -1}
2026-03-22 18:07:50,510 | INFO     | tuner | Tuning LightGBM (60 trials)…
2026-03-22 18:07:56,198 | INFO     | tuner | LGBM best AUC: 0.7023  params={'n_estimators': 167, 'num_leaves': 134, 'learning_rate': 0.29860896066160186, 'feature_fraction': 0.6858823891298363, 'bagging_fraction': 0.7447439234513874, 'bagging_freq': 1, 'min_child_samples': 28, 'reg_alpha': 1.2508237916296614, 'reg_lambda': 0.008353275119995063, 'random_state': 42, 'n_jobs': -1, 'verbose': -1}
2026-03-22 18:07:56,198 | INFO     | tuner | Tuning LSTM (30 trials)…
2026-03-22 18:08:22,205 | WARNING  | tensorflow | 5 out of the last 7 calls to <function TensorFlowTrainer.make_predict_function.<locals>.one_step_on_data_distributed at 0x0000020D0A88A520> triggered tf.function retracing. Tracing is expensive and the excessive number of tracings could be due to (1) creating @tf.function repeatedly in a loop, (2) passing tensors with different shapes, (3) passing Python objects instead of tensors. For (1), please define your @tf.function outside of the loop. For (2), @tf.function has reduce_retracing=True option that can avoid unnecessary retracing. For (3), please refer to https://www.tensorflow.org/guide/function#controlling_retracing and https://www.tensorflow.org/api_docs/python/tf/function for  more details.
2026-03-22 18:08:22,369 | WARNING  | tensorflow | 6 out of the last 9 calls to <function TensorFlowTrainer.make_predict_function.<locals>.one_step_on_data_distributed at 0x0000020D0A88A520> triggered tf.function retracing. Tracing is expensive and the excessive number of tracings could be due to (1) creating @tf.function repeatedly in a loop, (2) passing tensors with different shapes, (3) passing Python objects instead of tensors. For (1), please define your @tf.function outside of the loop. For (2), @tf.function has reduce_retracing=True option that can avoid unnecessary retracing. For (3), please refer to https://www.tensorflow.org/guide/function#controlling_retracing and https://www.tensorflow.org/api_docs/python/tf/function for  more details.
2026-03-22 18:13:17,121 | INFO     | tuner | LSTM best AUC: 0.7416  params={'units_1': 133, 'units_2': 86, 'dropout': 0.22460243007295816, 'learning_rate': 0.0004607539986841383, 'batch_size': 16, 'epochs': 61}
2026-03-22 18:13:17,122 | INFO     | models |   Fitting xgb…
2026-03-22 18:13:17,497 | INFO     | models |   Fitting lgbm…
2026-03-22 18:13:17,566 | INFO     | models |   Fitting lstm…
2026-03-22 18:13:28,862 | INFO     | tuner | Tuning ensemble weights…
2026-03-22 18:13:29,534 | INFO     | tuner | Optimal weights: {'xgb': 0.23255667907309022, 'lgbm': 0.1966918777664914, 'lstm': 0.5707514431604184}  AUC=0.6333
2026-03-22 18:13:29,621 | INFO     | pipeline |   TEST VNM  AUC=0.6207  Acc=0.6182
2026-03-22 18:13:29,667 | INFO     | models | Saved ensemble for VNM h=5
2026-03-22 18:13:29,670 | INFO     | pipeline | --- VIC -----------------------------------
2026-03-22 18:13:29,738 | INFO     | features | Feature matrix: 737 rows × 108 columns
2026-03-22 18:13:29,755 | INFO     | pipeline |   Splits: train=517, val=110, test=110
2026-03-22 18:13:29,756 | INFO     | tuner | Tuning XGBoost (60 trials)…
2026-03-22 18:13:48,795 | INFO     | tuner | XGB best AUC: 0.6068  params={'n_estimators': 183, 'max_depth': 5, 'learning_rate': 0.07422727936926977, 'subsample': 0.7577257542067495, 'colsample_bytree': 0.6461600351604362, 'min_child_weight': 2, 'gamma': 0.8159994854793753, 'reg_alpha': 0.00326894314764645, 'reg_lambda': 1.1616680860285002, 'use_label_encoder': False, 'eval_metric': 'logloss', 'random_state': 42, 'n_jobs': -1}
2026-03-22 18:13:48,796 | INFO     | tuner | Tuning LightGBM (60 trials)…
2026-03-22 18:13:52,393 | INFO     | tuner | LGBM best AUC: 0.6465  params={'n_estimators': 757, 'num_leaves': 122, 'learning_rate': 0.020988227033301877, 'feature_fraction': 0.8428873801608756, 'bagging_fraction': 0.658367568123197, 'bagging_freq': 5, 'min_child_samples': 33, 'reg_alpha': 1.4469660482890272, 'reg_lambda': 1.9740845645569363, 'random_state': 42, 'n_jobs': -1, 'verbose': -1}
2026-03-22 18:13:52,394 | INFO     | tuner | Tuning LSTM (30 trials)…
2026-03-22 18:19:36,782 | INFO     | tuner | LSTM best AUC: 0.8065  params={'units_1': 134, 'units_2': 83, 'dropout': 0.4361663318780261, 'learning_rate': 0.004594715692913361, 'batch_size': 16, 'epochs': 60}
2026-03-22 18:19:36,783 | INFO     | models |   Fitting xgb…
2026-03-22 18:19:37,082 | INFO     | models |   Fitting lgbm…
2026-03-22 18:19:37,122 | INFO     | models |   Fitting lstm…
2026-03-22 18:19:56,574 | INFO     | tuner | Tuning ensemble weights…
2026-03-22 18:19:57,103 | INFO     | tuner | Optimal weights: {'xgb': 0.14208488452403312, 'lgbm': 0.2573424515305854, 'lstm': 0.6005726639453814}  AUC=0.7078
2026-03-22 18:19:57,197 | INFO     | pipeline |   TEST VIC  AUC=0.4044  Acc=0.3727
2026-03-22 18:19:57,240 | INFO     | models | Saved ensemble for VIC h=5
2026-03-22 18:19:57,243 | INFO     | pipeline | --- HPG -----------------------------------
2026-03-22 18:19:57,314 | INFO     | features | Feature matrix: 738 rows × 108 columns
2026-03-22 18:19:57,327 | INFO     | pipeline |   Splits: train=518, val=110, test=110
2026-03-22 18:19:57,327 | INFO     | tuner | Tuning XGBoost (60 trials)…
2026-03-22 18:20:19,160 | INFO     | tuner | XGB best AUC: 0.7286  params={'n_estimators': 409, 'max_depth': 9, 'learning_rate': 0.19551280636250648, 'subsample': 0.70421914027051, 'colsample_bytree': 0.7747446376604837, 'min_child_weight': 10, 'gamma': 0.5244141323486086, 'reg_alpha': 1.373610152533836, 'reg_lambda': 1.705655152264303, 'use_label_encoder': False, 'eval_metric': 'logloss', 'random_state': 42, 'n_jobs': -1}
2026-03-22 18:20:19,161 | INFO     | tuner | Tuning LightGBM (60 trials)…
2026-03-22 18:20:23,240 | INFO     | tuner | LGBM best AUC: 0.7089  params={'n_estimators': 626, 'num_leaves': 89, 'learning_rate': 0.09234805098923096, 'feature_fraction': 0.6340437483341475, 'bagging_fraction': 0.7480461528365214, 'bagging_freq': 4, 'min_child_samples': 30, 'reg_alpha': 0.8135280113438383, 'reg_lambda': 1.3595481932968803, 'random_state': 42, 'n_jobs': -1, 'verbose': -1}
2026-03-22 18:20:23,240 | INFO     | tuner | Tuning LSTM (30 trials)…
2026-03-22 18:27:55,727 | INFO     | tuner | LSTM best AUC: 0.9026  params={'units_1': 200, 'units_2': 66, 'dropout': 0.28772739191753655, 'learning_rate': 0.00026573242713447576, 'batch_size': 32, 'epochs': 46}
2026-03-22 18:27:55,728 | INFO     | models |   Fitting xgb…
2026-03-22 18:27:56,054 | INFO     | models |   Fitting lgbm…
2026-03-22 18:27:56,112 | INFO     | models |   Fitting lstm…
2026-03-22 18:28:19,490 | INFO     | tuner | Tuning ensemble weights…
2026-03-22 18:28:20,021 | INFO     | tuner | Optimal weights: {'xgb': 0.4424027333427728, 'lgbm': 0.5568879138716751, 'lstm': 0.0007093527855520199}  AUC=0.8299
2026-03-22 18:28:20,129 | INFO     | pipeline |   TEST HPG  AUC=0.5907  Acc=0.5727
2026-03-22 18:28:20,189 | INFO     | models | Saved ensemble for HPG h=5
2026-03-22 18:28:20,193 | INFO     | pipeline | --- VCB -----------------------------------
2026-03-22 18:28:20,269 | INFO     | features | Feature matrix: 738 rows × 108 columns
2026-03-22 18:28:20,280 | INFO     | pipeline |   Splits: train=518, val=110, test=110
2026-03-22 18:28:20,280 | INFO     | tuner | Tuning XGBoost (60 trials)…
2026-03-22 18:28:45,268 | INFO     | tuner | XGB best AUC: 0.7083  params={'n_estimators': 296, 'max_depth': 4, 'learning_rate': 0.24422042841880967, 'subsample': 0.6440638888126013, 'colsample_bytree': 0.6020163572736312, 'min_child_weight': 3, 'gamma': 0.6958793220330763, 'reg_alpha': 0.6019341771667033, 'reg_lambda': 4.861670138913709, 'use_label_encoder': False, 'eval_metric': 'logloss', 'random_state': 42, 'n_jobs': -1}
2026-03-22 18:28:45,269 | INFO     | tuner | Tuning LightGBM (60 trials)…
2026-03-22 18:28:51,996 | INFO     | tuner | LGBM best AUC: 0.7554  params={'n_estimators': 576, 'num_leaves': 44, 'learning_rate': 0.03684794152610323, 'feature_fraction': 0.7944746262360831, 'bagging_fraction': 0.6972714296000151, 'bagging_freq': 2, 'min_child_samples': 29, 'reg_alpha': 0.9093477172491224, 'reg_lambda': 0.24545374316759028, 'random_state': 42, 'n_jobs': -1, 'verbose': -1}
2026-03-22 18:28:51,997 | INFO     | tuner | Tuning LSTM (30 trials)…
2026-03-22 18:37:34,523 | INFO     | tuner | LSTM best AUC: 0.7217  params={'units_1': 152, 'units_2': 116, 'dropout': 0.2700989838394515, 'learning_rate': 0.0006580157885309084, 'batch_size': 32, 'epochs': 28}
2026-03-22 18:37:34,525 | INFO     | models |   Fitting xgb…
2026-03-22 18:37:34,769 | INFO     | models |   Fitting lgbm…
2026-03-22 18:37:34,954 | INFO     | models |   Fitting lstm…
2026-03-22 18:37:50,828 | INFO     | tuner | Tuning ensemble weights…
2026-03-22 18:37:51,324 | INFO     | tuner | Optimal weights: {'xgb': 0.19784659001676677, 'lgbm': 0.7750767340733045, 'lstm': 0.02707667590992881}  AUC=0.7776
2026-03-22 18:37:51,433 | INFO     | pipeline |   TEST VCB  AUC=0.6602  Acc=0.5636
2026-03-22 18:37:51,490 | INFO     | models | Saved ensemble for VCB h=5
2026-03-22 18:37:51,493 | INFO     | pipeline | --- FPT -----------------------------------
2026-03-22 18:37:51,575 | INFO     | features | Feature matrix: 738 rows × 108 columns
2026-03-22 18:37:51,584 | INFO     | pipeline |   Splits: train=518, val=110, test=110
2026-03-22 18:37:51,585 | INFO     | tuner | Tuning XGBoost (60 trials)…
2026-03-22 18:38:17,558 | INFO     | tuner | XGB best AUC: 0.6943  params={'n_estimators': 197, 'max_depth': 8, 'learning_rate': 0.14537022486281853, 'subsample': 0.7794363649944956, 'colsample_bytree': 0.7282110088789806, 'min_child_weight': 1, 'gamma': 0.8174107553260387, 'reg_alpha': 1.6622249442178954, 'reg_lambda': 4.694812893956979, 'use_label_encoder': False, 'eval_metric': 'logloss', 'random_state': 42, 'n_jobs': -1}
2026-03-22 18:38:17,559 | INFO     | tuner | Tuning LightGBM (60 trials)…
2026-03-22 18:38:23,022 | INFO     | tuner | LGBM best AUC: 0.7160  params={'n_estimators': 660, 'num_leaves': 135, 'learning_rate': 0.1606479377436017, 'feature_fraction': 0.7589580200944342, 'bagging_fraction': 0.8966095943842464, 'bagging_freq': 2, 'min_child_samples': 14, 'reg_alpha': 0.5578119519770778, 'reg_lambda': 1.3834438433482859, 'random_state': 42, 'n_jobs': -1, 'verbose': -1}
2026-03-22 18:38:23,022 | INFO     | tuner | Tuning LSTM (30 trials)…
2026-03-22 18:47:16,917 | INFO     | tuner | LSTM best AUC: 0.7130  params={'units_1': 115, 'units_2': 107, 'dropout': 0.2972487861387044, 'learning_rate': 0.00013827228817581009, 'batch_size': 64, 'epochs': 42}
2026-03-22 18:47:16,918 | INFO     | models |   Fitting xgb…
2026-03-22 18:47:17,144 | INFO     | models |   Fitting lgbm…
2026-03-22 18:47:17,228 | INFO     | models |   Fitting lstm…
2026-03-22 18:47:32,990 | INFO     | tuner | Tuning ensemble weights…
2026-03-22 18:47:33,518 | INFO     | tuner | Optimal weights: {'xgb': 0.20385151987713632, 'lgbm': 0.5296584761727826, 'lstm': 0.2664900039500811}  AUC=0.7234
2026-03-22 18:47:33,639 | INFO     | pipeline |   TEST FPT  AUC=0.4957  Acc=0.4091
2026-03-22 18:47:33,686 | INFO     | models | Saved ensemble for FPT h=5
2026-03-22 18:47:33,690 | INFO     | pipeline | --- MWG -----------------------------------
2026-03-22 18:47:33,771 | INFO     | features | Feature matrix: 738 rows × 108 columns
2026-03-22 18:47:33,790 | INFO     | pipeline |   Splits: train=518, val=110, test=110
2026-03-22 18:47:33,791 | INFO     | tuner | Tuning XGBoost (60 trials)…
2026-03-22 18:48:00,626 | INFO     | tuner | XGB best AUC: 0.5778  params={'n_estimators': 298, 'max_depth': 8, 'learning_rate': 0.255328611307095, 'subsample': 0.8953484997752806, 'colsample_bytree': 0.6376716060780352, 'min_child_weight': 5, 'gamma': 0.7859816878768217, 'reg_alpha': 0.7451095866077286, 'reg_lambda': 1.4984945855924021, 'use_label_encoder': False, 'eval_metric': 'logloss', 'random_state': 42, 'n_jobs': -1}
2026-03-22 18:48:00,627 | INFO     | tuner | Tuning LightGBM (60 trials)…
2026-03-22 18:48:07,485 | INFO     | tuner | LGBM best AUC: 0.6230  params={'n_estimators': 800, 'num_leaves': 143, 'learning_rate': 0.06765025662770836, 'feature_fraction': 0.6181394821812735, 'bagging_fraction': 0.6206001372519473, 'bagging_freq': 2, 'min_child_samples': 11, 'reg_alpha': 1.432900579063461, 'reg_lambda': 1.776392981146084, 'random_state': 42, 'n_jobs': -1, 'verbose': -1}
2026-03-22 18:48:07,486 | INFO     | tuner | Tuning LSTM (30 trials)…
2026-03-22 18:56:44,018 | INFO     | tuner | LSTM best AUC: 0.6752  params={'units_1': 137, 'units_2': 67, 'dropout': 0.42243954186702626, 'learning_rate': 0.00013870836534664768, 'batch_size': 16, 'epochs': 62}
2026-03-22 18:56:44,019 | INFO     | models |   Fitting xgb…
2026-03-22 18:56:44,190 | INFO     | models |   Fitting lgbm…
2026-03-22 18:56:44,259 | INFO     | models |   Fitting lstm…
2026-03-22 18:56:59,751 | INFO     | tuner | Tuning ensemble weights…
2026-03-22 18:57:00,208 | INFO     | tuner | Optimal weights: {'xgb': 0.08058786944438624, 'lgbm': 0.5200111671059311, 'lstm': 0.3994009634496827}  AUC=0.6209
2026-03-22 18:57:00,304 | INFO     | pipeline |   TEST MWG  AUC=0.5938  Acc=0.6364
2026-03-22 18:57:00,346 | INFO     | models | Saved ensemble for MWG h=5
2026-03-22 18:57:00,350 | INFO     | pipeline | --- MSN -----------------------------------
2026-03-22 18:57:00,417 | INFO     | features | Feature matrix: 738 rows × 108 columns
2026-03-22 18:57:00,428 | INFO     | pipeline |   Splits: train=518, val=110, test=110
2026-03-22 18:57:00,428 | INFO     | tuner | Tuning XGBoost (60 trials)…
2026-03-22 18:57:24,768 | INFO     | tuner | XGB best AUC: 0.7180  params={'n_estimators': 191, 'max_depth': 7, 'learning_rate': 0.28217784671879, 'subsample': 0.9869318884368199, 'colsample_bytree': 0.7997298313408304, 'min_child_weight': 1, 'gamma': 0.41108624262712323, 'reg_alpha': 0.20698380533881602, 'reg_lambda': 1.1704023803310126, 'use_label_encoder': False, 'eval_metric': 'logloss', 'random_state': 42, 'n_jobs': -1}
2026-03-22 18:57:24,769 | INFO     | tuner | Tuning LightGBM (60 trials)…
2026-03-22 18:57:29,628 | INFO     | tuner | LGBM best AUC: 0.7465  params={'n_estimators': 221, 'num_leaves': 137, 'learning_rate': 0.0767192255944919, 'feature_fraction': 0.9796863076652548, 'bagging_fraction': 0.8449878215634563, 'bagging_freq': 7, 'min_child_samples': 38, 'reg_alpha': 1.3109359469357622, 'reg_lambda': 1.9771105872244363, 'random_state': 42, 'n_jobs': -1, 'verbose': -1}
2026-03-22 18:57:29,629 | INFO     | tuner | Tuning LSTM (30 trials)…
2026-03-22 19:06:43,276 | INFO     | tuner | LSTM best AUC: 0.8226  params={'units_1': 77, 'units_2': 17, 'dropout': 0.25602698605854063, 'learning_rate': 0.00029590612580277106, 'batch_size': 32, 'epochs': 42}
2026-03-22 19:06:43,279 | INFO     | models |   Fitting xgb…
2026-03-22 19:06:43,431 | INFO     | models |   Fitting lgbm…
2026-03-22 19:06:43,506 | INFO     | models |   Fitting lstm…
2026-03-22 19:06:52,255 | INFO     | tuner | Tuning ensemble weights…
2026-03-22 19:06:52,673 | INFO     | tuner | Optimal weights: {'xgb': 0.1553304328983783, 'lgbm': 0.8127999653181103, 'lstm': 0.0318696017835114}  AUC=0.8163
2026-03-22 19:06:52,764 | INFO     | pipeline |   TEST MSN  AUC=0.6154  Acc=0.5273
2026-03-22 19:06:52,799 | INFO     | models | Saved ensemble for MSN h=5
2026-03-22 19:06:52,803 | INFO     | pipeline | --- TCB -----------------------------------
2026-03-22 19:06:52,873 | INFO     | features | Feature matrix: 735 rows × 108 columns
2026-03-22 19:06:52,886 | INFO     | pipeline |   Splits: train=515, val=110, test=110
2026-03-22 19:06:52,887 | INFO     | tuner | Tuning XGBoost (60 trials)…
2026-03-22 19:07:21,449 | INFO     | tuner | XGB best AUC: 0.6151  params={'n_estimators': 743, 'max_depth': 8, 'learning_rate': 0.1413311338652145, 'subsample': 0.7557927930954508, 'colsample_bytree': 0.8205369065945168, 'min_child_weight': 6, 'gamma': 0.3372850184253592, 'reg_alpha': 1.7334653625814884, 'reg_lambda': 2.835585109516567, 'use_label_encoder': False, 'eval_metric': 'logloss', 'random_state': 42, 'n_jobs': -1}
2026-03-22 19:07:21,449 | INFO     | tuner | Tuning LightGBM (60 trials)…
2026-03-22 19:07:25,748 | INFO     | tuner | LGBM best AUC: 0.6222  params={'n_estimators': 794, 'num_leaves': 31, 'learning_rate': 0.06564276748410795, 'feature_fraction': 0.6079147792737725, 'bagging_fraction': 0.9519547927025751, 'bagging_freq': 1, 'min_child_samples': 32, 'reg_alpha': 0.05086074439892152, 'reg_lambda': 0.03162855894230299, 'random_state': 42, 'n_jobs': -1, 'verbose': -1}
2026-03-22 19:07:25,749 | INFO     | tuner | Tuning LSTM (30 trials)…
2026-03-22 19:26:15,694 | INFO     | tuner | LSTM best AUC: 0.6875  params={'units_1': 198, 'units_2': 87, 'dropout': 0.10249349179777972, 'learning_rate': 0.0030033077474339092, 'batch_size': 16, 'epochs': 53}
2026-03-22 19:26:15,696 | INFO     | models |   Fitting xgb…
2026-03-22 19:26:16,135 | INFO     | models |   Fitting lgbm…
2026-03-22 19:26:16,195 | INFO     | models |   Fitting lstm…
2026-03-22 19:26:53,469 | INFO     | tuner | Tuning ensemble weights…
2026-03-22 19:26:53,996 | INFO     | tuner | Optimal weights: {'xgb': 0.5318819356269834, 'lgbm': 0.4275815273432121, 'lstm': 0.040536537029804566}  AUC=0.6269
2026-03-22 19:26:54,122 | INFO     | pipeline |   TEST TCB  AUC=0.4532  Acc=0.4091
2026-03-22 19:26:54,171 | INFO     | models | Saved ensemble for TCB h=5
2026-03-22 19:26:54,175 | INFO     | pipeline | --- SSI -----------------------------------
2026-03-22 19:26:54,236 | INFO     | features | Feature matrix: 738 rows × 108 columns
2026-03-22 19:26:54,249 | INFO     | pipeline |   Splits: train=518, val=110, test=110
2026-03-22 19:26:54,249 | INFO     | tuner | Tuning XGBoost (60 trials)…
2026-03-22 19:27:15,988 | INFO     | tuner | XGB best AUC: 0.6079  params={'n_estimators': 125, 'max_depth': 5, 'learning_rate': 0.011473281742294235, 'subsample': 0.6565152964212048, 'colsample_bytree': 0.8044488794425393, 'min_child_weight': 8, 'gamma': 0.8054258173130665, 'reg_alpha': 1.5699682048092427, 'reg_lambda': 3.590383000487634, 'use_label_encoder': False, 'eval_metric': 'logloss', 'random_state': 42, 'n_jobs': -1}
2026-03-22 19:27:15,989 | INFO     | tuner | Tuning LightGBM (60 trials)…
2026-03-22 19:27:20,103 | INFO     | tuner | LGBM best AUC: 0.6246  params={'n_estimators': 436, 'num_leaves': 141, 'learning_rate': 0.03298180037873571, 'feature_fraction': 0.8832702145007902, 'bagging_fraction': 0.9810717187208394, 'bagging_freq': 2, 'min_child_samples': 23, 'reg_alpha': 0.9207025190743641, 'reg_lambda': 1.334840140954515, 'random_state': 42, 'n_jobs': -1, 'verbose': -1}
2026-03-22 19:27:20,104 | INFO     | tuner | Tuning LSTM (30 trials)…
2026-03-22 19:39:43,775 | INFO     | tuner | LSTM best AUC: 0.7621  params={'units_1': 216, 'units_2': 50, 'dropout': 0.30472654327919146, 'learning_rate': 0.005017376022458836, 'batch_size': 16, 'epochs': 59}
2026-03-22 19:39:43,776 | INFO     | models |   Fitting xgb…
2026-03-22 19:39:43,934 | INFO     | models |   Fitting lgbm…
2026-03-22 19:39:43,995 | INFO     | models |   Fitting lstm…
2026-03-22 19:40:34,005 | INFO     | tuner | Tuning ensemble weights…
2026-03-22 19:40:34,336 | INFO     | tuner | Optimal weights: {'xgb': 0.13946926319850309, 'lgbm': 0.7950360732791757, 'lstm': 0.06549466352232121}  AUC=0.7164
2026-03-22 19:40:34,521 | INFO     | pipeline |   TEST SSI  AUC=0.6692  Acc=0.5455
2026-03-22 19:40:34,564 | INFO     | models | Saved ensemble for SSI h=5
2026-03-22 19:40:34,567 | INFO     | pipeline | --- GAS -----------------------------------
2026-03-22 19:40:34,620 | INFO     | features | Feature matrix: 738 rows × 108 columns
2026-03-22 19:40:34,630 | INFO     | pipeline |   Splits: train=518, val=110, test=110
2026-03-22 19:40:34,631 | INFO     | tuner | Tuning XGBoost (60 trials)…
2026-03-22 19:40:59,244 | INFO     | tuner | XGB best AUC: 0.7173  params={'n_estimators': 716, 'max_depth': 5, 'learning_rate': 0.2935442245031525, 'subsample': 0.8082961574253882, 'colsample_bytree': 0.8369821785054697, 'min_child_weight': 4, 'gamma': 0.11654373093314183, 'reg_alpha': 1.5511361638020695, 'reg_lambda': 2.187276222144103, 'use_label_encoder': False, 'eval_metric': 'logloss', 'random_state': 42, 'n_jobs': -1}
2026-03-22 19:40:59,244 | INFO     | tuner | Tuning LightGBM (60 trials)…
2026-03-22 19:41:02,860 | INFO     | tuner | LGBM best AUC: 0.7806  params={'n_estimators': 658, 'num_leaves': 94, 'learning_rate': 0.14039159942458931, 'feature_fraction': 0.7474493292890939, 'bagging_fraction': 0.6975027948007962, 'bagging_freq': 4, 'min_child_samples': 34, 'reg_alpha': 1.6983358083335216, 'reg_lambda': 1.256094253271229, 'random_state': 42, 'n_jobs': -1, 'verbose': -1}
2026-03-22 19:41:02,861 | INFO     | tuner | Tuning LSTM (30 trials)…
2026-03-22 19:55:26,814 | INFO     | tuner | LSTM best AUC: 0.7665  params={'units_1': 131, 'units_2': 102, 'dropout': 0.180089152471116, 'learning_rate': 0.006760414227309907, 'batch_size': 16, 'epochs': 62}
2026-03-22 19:55:26,816 | INFO     | models |   Fitting xgb…
2026-03-22 19:55:27,181 | INFO     | models |   Fitting lgbm…
2026-03-22 19:55:27,222 | INFO     | models |   Fitting lstm…
2026-03-22 19:56:00,283 | INFO     | tuner | Tuning ensemble weights…
2026-03-22 19:56:00,581 | INFO     | tuner | Optimal weights: {'xgb': 0.11783341833429194, 'lgbm': 0.8664027365694708, 'lstm': 0.015763845096237402}  AUC=0.7652
2026-03-22 19:56:00,689 | INFO     | pipeline |   TEST GAS  AUC=0.5511  Acc=0.5091
2026-03-22 19:56:00,728 | INFO     | models | Saved ensemble for GAS h=5
2026-03-22 19:56:00,732 | INFO     | pipeline | --- PLX -----------------------------------
2026-03-22 19:56:00,782 | INFO     | features | Feature matrix: 738 rows × 108 columns
2026-03-22 19:56:00,795 | INFO     | pipeline |   Splits: train=518, val=110, test=110
2026-03-22 19:56:00,796 | INFO     | tuner | Tuning XGBoost (60 trials)…
2026-03-22 19:56:23,189 | INFO     | tuner | XGB best AUC: 0.7011  params={'n_estimators': 500, 'max_depth': 8, 'learning_rate': 0.1818167164095638, 'subsample': 0.8780865853678662, 'colsample_bytree': 0.7784524826716207, 'min_child_weight': 2, 'gamma': 0.48014200136534363, 'reg_alpha': 1.8338714842958928, 'reg_lambda': 0.8870169041503355, 'use_label_encoder': False, 'eval_metric': 'logloss', 'random_state': 42, 'n_jobs': -1}
2026-03-22 19:56:23,190 | INFO     | tuner | Tuning LightGBM (60 trials)…
2026-03-22 19:56:27,181 | INFO     | tuner | LGBM best AUC: 0.8008  params={'n_estimators': 256, 'num_leaves': 101, 'learning_rate': 0.06529252232425733, 'feature_fraction': 0.9991125403098501, 'bagging_fraction': 0.7576436658528717, 'bagging_freq': 3, 'min_child_samples': 13, 'reg_alpha': 0.1651972892553972, 'reg_lambda': 0.854045243907428, 'random_state': 42, 'n_jobs': -1, 'verbose': -1}
2026-03-22 19:56:27,182 | INFO     | tuner | Tuning LSTM (30 trials)…
2026-03-22 20:11:58,694 | INFO     | tuner | LSTM best AUC: 0.6111  params={'units_1': 191, 'units_2': 115, 'dropout': 0.11102772578714754, 'learning_rate': 0.0033452334699222894, 'batch_size': 32, 'epochs': 47}
2026-03-22 20:11:58,695 | INFO     | models |   Fitting xgb…
2026-03-22 20:11:59,006 | INFO     | models |   Fitting lgbm…
2026-03-22 20:11:59,082 | INFO     | models |   Fitting lstm…
2026-03-22 20:12:44,394 | INFO     | tuner | Tuning ensemble weights…
2026-03-22 20:12:44,705 | INFO     | tuner | Optimal weights: {'xgb': 0.1346290787872478, 'lgbm': 0.8545602522144364, 'lstm': 0.010810668998315877}  AUC=0.8296
2026-03-22 20:12:44,886 | INFO     | pipeline |   TEST PLX  AUC=0.4869  Acc=0.5636
2026-03-22 20:12:44,935 | INFO     | models | Saved ensemble for PLX h=5
2026-03-22 20:12:44,939 | INFO     | pipeline | --- SAB -----------------------------------
2026-03-22 20:12:44,990 | INFO     | features | Feature matrix: 758 rows × 108 columns
2026-03-22 20:12:45,001 | INFO     | pipeline |   Splits: train=532, val=113, test=113
2026-03-22 20:12:45,001 | INFO     | tuner | Tuning XGBoost (60 trials)…
2026-03-22 20:13:12,344 | INFO     | tuner | XGB best AUC: 0.5921  params={'n_estimators': 707, 'max_depth': 7, 'learning_rate': 0.29442248307203045, 'subsample': 0.6511768240459809, 'colsample_bytree': 0.6155225717002379, 'min_child_weight': 4, 'gamma': 0.336430554481879, 'reg_alpha': 0.9499182354640611, 'reg_lambda': 2.500668473189691, 'use_label_encoder': False, 'eval_metric': 'logloss', 'random_state': 42, 'n_jobs': -1}
2026-03-22 20:13:12,344 | INFO     | tuner | Tuning LightGBM (60 trials)…
2026-03-22 20:13:16,857 | INFO     | tuner | LGBM best AUC: 0.6634  params={'n_estimators': 419, 'num_leaves': 48, 'learning_rate': 0.10480106631031892, 'feature_fraction': 0.7768349893746646, 'bagging_fraction': 0.9183324256287798, 'bagging_freq': 2, 'min_child_samples': 28, 'reg_alpha': 0.6437577676743794, 'reg_lambda': 1.7879091656103416, 'random_state': 42, 'n_jobs': -1, 'verbose': -1}
2026-03-22 20:13:16,858 | INFO     | tuner | Tuning LSTM (30 trials)…
2026-03-22 20:28:51,694 | INFO     | tuner | LSTM best AUC: 0.7045  params={'units_1': 187, 'units_2': 89, 'dropout': 0.1115189514804609, 'learning_rate': 0.005330820377832363, 'batch_size': 64, 'epochs': 48}
2026-03-22 20:28:51,695 | INFO     | models |   Fitting xgb…
2026-03-22 20:28:52,074 | INFO     | models |   Fitting lgbm…
2026-03-22 20:28:52,127 | INFO     | models |   Fitting lstm…
2026-03-22 20:29:23,208 | INFO     | tuner | Tuning ensemble weights…
2026-03-22 20:29:23,521 | INFO     | tuner | Optimal weights: {'xgb': 0.08644320803451583, 'lgbm': 0.6622213803441132, 'lstm': 0.2513354116213711}  AUC=0.6500
2026-03-22 20:29:23,662 | INFO     | pipeline |   TEST SAB  AUC=0.6337  Acc=0.5752
2026-03-22 20:29:23,709 | INFO     | models | Saved ensemble for SAB h=5
2026-03-22 20:29:23,713 | INFO     | pipeline | --- VHM -----------------------------------
2026-03-22 20:29:23,765 | INFO     | features | Feature matrix: 718 rows × 108 columns
2026-03-22 20:29:23,780 | INFO     | pipeline |   Splits: train=504, val=107, test=107
2026-03-22 20:29:23,780 | INFO     | tuner | Tuning XGBoost (60 trials)…
2026-03-22 20:30:20,582 | INFO     | tuner | XGB best AUC: 0.6297  params={'n_estimators': 524, 'max_depth': 10, 'learning_rate': 0.012479923260306482, 'subsample': 0.9992709431093413, 'colsample_bytree': 0.993060154779378, 'min_child_weight': 2, 'gamma': 0.13339821235320742, 'reg_alpha': 1.0207282377954077, 'reg_lambda': 2.960294231296904, 'use_label_encoder': False, 'eval_metric': 'logloss', 'random_state': 42, 'n_jobs': -1}
2026-03-22 20:30:20,582 | INFO     | tuner | Tuning LightGBM (60 trials)…
2026-03-22 20:30:24,350 | INFO     | tuner | LGBM best AUC: 0.7090  params={'n_estimators': 131, 'num_leaves': 61, 'learning_rate': 0.0977160078258194, 'feature_fraction': 0.9667546008784311, 'bagging_fraction': 0.7153924750527049, 'bagging_freq': 4, 'min_child_samples': 26, 'reg_alpha': 1.5775125716373504, 'reg_lambda': 0.6398192021661928, 'random_state': 42, 'n_jobs': -1, 'verbose': -1}
2026-03-22 20:30:24,351 | INFO     | tuner | Tuning LSTM (30 trials)…
2026-03-22 20:56:30,896 | INFO     | tuner | LSTM best AUC: 0.7516  params={'units_1': 215, 'units_2': 56, 'dropout': 0.2532044447167916, 'learning_rate': 0.004047224123296515, 'batch_size': 16, 'epochs': 49}
2026-03-22 20:56:30,898 | INFO     | models |   Fitting xgb…
2026-03-22 20:56:32,326 | INFO     | models |   Fitting lgbm…
2026-03-22 20:56:32,377 | INFO     | models |   Fitting lstm…
2026-03-22 20:57:30,466 | INFO     | tuner | Tuning ensemble weights…
2026-03-22 20:57:30,790 | INFO     | tuner | Optimal weights: {'xgb': 0.21244059864501105, 'lgbm': 0.7804523734222303, 'lstm': 0.007107027932758588}  AUC=0.6861
2026-03-22 20:57:31,047 | INFO     | pipeline |   TEST VHM  AUC=0.3659  Acc=0.5607
2026-03-22 20:57:31,101 | INFO     | models | Saved ensemble for VHM h=5
2026-03-22 20:57:31,107 | INFO     | pipeline | --- HPA -----------------------------------
2026-03-22 20:57:31,156 | INFO     | features | Feature matrix: 0 rows × 108 columns
2026-03-22 20:57:31,156 | ERROR    | pipeline | Training failed for HPA: HPA has only 0 usable rows after feature engineering (minimum: 10). The stock may have just listed — try again after a few more trading days.
Traceback (most recent call last):
  File "C:\Users\proin\Desktop\Project\VNStockPredictor\pipeline.py", line 93, in run
    metrics = self._train_symbol(sym, data[sym], vnindex)
  File "C:\Users\proin\Desktop\Project\VNStockPredictor\pipeline.py", line 112, in _train_symbol
    raise ValueError(
    ...<3 lines>...
    )
ValueError: HPA has only 0 usable rows after feature engineering (minimum: 10). The stock may have just listed — try again after a few more trading days.
2026-03-22 20:57:31,162 | INFO     | pipeline | --- SHS -----------------------------------
2026-03-22 20:57:31,212 | INFO     | features | Feature matrix: 758 rows × 108 columns
2026-03-22 20:57:31,223 | INFO     | pipeline |   Splits: train=532, val=113, test=113
2026-03-22 20:57:31,223 | INFO     | tuner | Tuning XGBoost (60 trials)…
2026-03-22 20:57:58,377 | INFO     | tuner | XGB best AUC: 0.7941  params={'n_estimators': 463, 'max_depth': 8, 'learning_rate': 0.24911363167138734, 'subsample': 0.6232220209407099, 'colsample_bytree': 0.8623317885173225, 'min_child_weight': 1, 'gamma': 0.05438186444661927, 'reg_alpha': 1.2817841201810365, 'reg_lambda': 0.7846248502870057, 'use_label_encoder': False, 'eval_metric': 'logloss', 'random_state': 42, 'n_jobs': -1}
2026-03-22 20:57:58,377 | INFO     | tuner | Tuning LightGBM (60 trials)…
2026-03-22 20:58:02,567 | INFO     | tuner | LGBM best AUC: 0.7552  params={'n_estimators': 612, 'num_leaves': 91, 'learning_rate': 0.14770708980698602, 'feature_fraction': 0.849331567594241, 'bagging_fraction': 0.9095559230972377, 'bagging_freq': 2, 'min_child_samples': 35, 'reg_alpha': 1.6134698859789243, 'reg_lambda': 0.8155231361980303, 'random_state': 42, 'n_jobs': -1, 'verbose': -1}
2026-03-22 20:58:02,568 | INFO     | tuner | Tuning LSTM (30 trials)…
2026-03-22 21:18:09,107 | INFO     | tuner | LSTM best AUC: 0.6901  params={'units_1': 209, 'units_2': 80, 'dropout': 0.4715666814933053, 'learning_rate': 0.0002859192286187402, 'batch_size': 32, 'epochs': 75}
2026-03-22 21:18:09,110 | INFO     | models |   Fitting xgb…
2026-03-22 21:18:09,569 | INFO     | models |   Fitting lgbm…
2026-03-22 21:18:09,655 | INFO     | models |   Fitting lstm…
2026-03-22 21:19:23,111 | INFO     | tuner | Tuning ensemble weights…
2026-03-22 21:19:23,707 | INFO     | tuner | Optimal weights: {'xgb': 0.550093005327275, 'lgbm': 0.32019721140378515, 'lstm': 0.12970978326893987}  AUC=0.8383
2026-03-22 21:19:24,070 | INFO     | pipeline |   TEST SHS  AUC=0.6079  Acc=0.6195
2026-03-22 21:19:24,149 | INFO     | models | Saved ensemble for SHS h=5
2026-03-22 21:19:24,155 | INFO     | pipeline | --- VGI -----------------------------------
2026-03-22 21:19:24,241 | INFO     | features | Feature matrix: 758 rows × 108 columns
2026-03-22 21:19:24,267 | INFO     | pipeline |   Splits: train=532, val=113, test=113
2026-03-22 21:19:24,267 | INFO     | tuner | Tuning XGBoost (60 trials)…
2026-03-22 21:19:46,442 | INFO     | tuner | XGB best AUC: 0.6949  params={'n_estimators': 147, 'max_depth': 7, 'learning_rate': 0.03128564880199483, 'subsample': 0.7067344127570101, 'colsample_bytree': 0.9716662981456277, 'min_child_weight': 10, 'gamma': 0.8838727733489049, 'reg_alpha': 0.5990837118569272, 'reg_lambda': 3.155802086774375, 'use_label_encoder': False, 'eval_metric': 'logloss', 'random_state': 42, 'n_jobs': -1}
2026-03-22 21:19:46,442 | INFO     | tuner | Tuning LightGBM (60 trials)…
2026-03-22 21:19:51,584 | INFO     | tuner | LGBM best AUC: 0.7436  params={'n_estimators': 131, 'num_leaves': 123, 'learning_rate': 0.20205742862467815, 'feature_fraction': 0.651926663887277, 'bagging_fraction': 0.6782693474732717, 'bagging_freq': 2, 'min_child_samples': 45, 'reg_alpha': 0.9514466926102447, 'reg_lambda': 1.1998116791558728, 'random_state': 42, 'n_jobs': -1, 'verbose': -1}
2026-03-22 21:19:51,585 | INFO     | tuner | Tuning LSTM (30 trials)…
2026-03-22 21:50:09,374 | INFO     | tuner | LSTM best AUC: 0.8128  params={'units_1': 204, 'units_2': 76, 'dropout': 0.4058826436487283, 'learning_rate': 0.00015499399678419422, 'batch_size': 16, 'epochs': 44}
2026-03-22 21:50:09,376 | INFO     | models |   Fitting xgb…
2026-03-22 21:50:09,581 | INFO     | models |   Fitting lgbm…
2026-03-22 21:50:09,651 | INFO     | models |   Fitting lstm…
2026-03-22 21:54:31,575 | INFO     | tuner | Tuning ensemble weights…
2026-03-22 21:54:32,078 | INFO     | tuner | Optimal weights: {'xgb': 0.5388078518951123, 'lgbm': 0.11182821731116298, 'lstm': 0.34936393079372474}  AUC=0.7686
2026-03-22 21:54:32,605 | INFO     | pipeline |   TEST VGI  AUC=0.3653  Acc=0.4248
2026-03-22 21:54:32,677 | INFO     | models | Saved ensemble for VGI h=5
2026-03-22 21:54:32,685 | INFO     | pipeline | Summary saved to results\training_summary_20260322_2154.json
2026-03-22 22:16:04,838 | INFO     | features | Feature matrix: 738 rows × 108 columns
2026-03-22 22:16:12,039 | INFO     | features | Feature matrix: 737 rows × 108 columns
2026-03-22 22:16:12,688 | INFO     | features | Feature matrix: 738 rows × 108 columns
2026-03-22 22:16:13,407 | INFO     | features | Feature matrix: 738 rows × 108 columns
2026-03-22 22:16:14,072 | INFO     | features | Feature matrix: 738 rows × 108 columns
2026-03-22 22:16:14,652 | INFO     | features | Feature matrix: 738 rows × 108 columns
2026-03-22 22:16:15,253 | INFO     | features | Feature matrix: 738 rows × 108 columns
2026-03-22 22:16:15,928 | INFO     | features | Feature matrix: 735 rows × 108 columns
2026-03-22 22:16:16,592 | INFO     | features | Feature matrix: 738 rows × 108 columns
2026-03-22 22:16:17,235 | INFO     | features | Feature matrix: 738 rows × 108 columns
2026-03-22 22:16:17,899 | INFO     | features | Feature matrix: 738 rows × 108 columns
2026-03-22 22:16:18,585 | INFO     | features | Feature matrix: 758 rows × 108 columns
2026-03-22 22:16:19,286 | INFO     | features | Feature matrix: 718 rows × 108 columns
2026-03-22 22:16:19,940 | ERROR    | pipeline | Prediction failed for HPA: No trained model for HPA. Run --mode train first.
2026-03-22 22:16:19,998 | INFO     | features | Feature matrix: 758 rows × 108 columns
2026-03-22 22:16:20,662 | INFO     | features | Feature matrix: 758 rows × 108 columns
2026-03-22 22:16:21,326 | INFO     | pipeline | Predictions saved to results\predictions_20260322.json
2026-03-22 22:16:21,326 | INFO     | main | VNM: [DOWN] -0.02% | confidence=48.9% | target_price=59.99
2026-03-22 22:16:21,327 | INFO     | main | VIC: [DOWN] -0.59% | confidence=22.8% | target_price=134.20
2026-03-22 22:16:21,327 | INFO     | main | HPG: [DOWN] -0.22% | confidence=35.2% | target_price=25.84
2026-03-22 22:16:21,327 | INFO     | main | VCB: [UP]   +0.40% | confidence=65.4% | target_price=58.23
2026-03-22 22:16:21,328 | INFO     | main | FPT: [UP]   +0.49% | confidence=61.9% | target_price=74.97
2026-03-22 22:16:21,328 | INFO     | main | MWG: [UP]   +0.41% | confidence=55.0% | target_price=80.03
2026-03-22 22:16:21,328 | INFO     | main | MSN: [DOWN] -0.75% | confidence=28.9% | target_price=70.77
2026-03-22 22:16:21,328 | INFO     | main | TCB: [UP]   +1.13% | confidence=77.9% | target_price=30.19
2026-03-22 22:16:21,328 | INFO     | main | SSI: [UP]   +0.33% | confidence=50.1% | target_price=27.04
2026-03-22 22:16:21,328 | INFO     | main | GAS: [DOWN] -0.09% | confidence=41.7% | target_price=81.92
2026-03-22 22:16:21,328 | INFO     | main | PLX: [DOWN] +0.14% | confidence=48.4% | target_price=42.86
2026-03-22 22:16:21,329 | INFO     | main | SAB: [DOWN] -0.76% | confidence=26.1% | target_price=42.28
2026-03-22 22:16:21,329 | INFO     | main | VHM: [DOWN] -0.19% | confidence=37.9% | target_price=99.81
2026-03-22 22:16:21,329 | INFO     | main | SHS: [DOWN] -0.95% | confidence=20.3% | target_price=15.85
2026-03-22 22:16:21,329 | INFO     | main | VGI: [DOWN] -0.06% | confidence=37.1% | target_price=85.55
2026-03-22 22:18:27,389 | INFO     | apscheduler.scheduler | Adding job tentatively -- it will be properly scheduled when the scheduler starts
2026-03-22 22:18:27,389 | INFO     | apscheduler.scheduler | Adding job tentatively -- it will be properly scheduled when the scheduler starts
2026-03-22 22:18:27,390 | INFO     | apscheduler.scheduler | Adding job tentatively -- it will be properly scheduled when the scheduler starts
2026-03-22 22:18:27,390 | INFO     | scheduler | Registered jobs:
2026-03-22 22:20:45,826 | INFO     | apscheduler.scheduler | Adding job tentatively -- it will be properly scheduled when the scheduler starts
2026-03-22 22:20:45,826 | INFO     | apscheduler.scheduler | Adding job tentatively -- it will be properly scheduled when the scheduler starts
2026-03-22 22:20:45,827 | INFO     | apscheduler.scheduler | Adding job tentatively -- it will be properly scheduled when the scheduler starts
2026-03-22 22:20:45,827 | INFO     | scheduler | Registered jobs:
2026-03-22 22:20:45,827 | INFO     | scheduler |   [predict_morning] Morning prediction  next_run=calculated at start
2026-03-22 22:20:45,827 | INFO     | scheduler |   [retrain_daily] Daily retrain + tune  next_run=calculated at start
2026-03-22 22:20:45,827 | INFO     | scheduler |   [health_check] Health check  next_run=calculated at start
2026-03-22 22:20:45,827 | INFO     | scheduler | ============================================================
2026-03-22 22:20:45,827 | INFO     | scheduler | Vietnam Stock AI -- Daily Scheduler STARTED
2026-03-22 22:20:45,827 | INFO     | scheduler | Symbols  : VNM, VIC, HPG, VCB, FPT, MWG, MSN, TCB, SSI, GAS, PLX, SAB, VHM, HPA, SHS, VGI
2026-03-22 22:20:45,828 | INFO     | scheduler | Horizon  : 5 days
2026-03-22 22:20:45,828 | INFO     | scheduler | Timezone : Asia/Ho_Chi_Minh
2026-03-22 22:20:45,828 | INFO     | scheduler | Press Ctrl+C to stop.
2026-03-22 22:20:45,828 | INFO     | scheduler | ============================================================
2026-03-22 22:20:45,828 | INFO     | scheduler | Running initial prediction now...
2026-03-22 22:20:45,828 | INFO     | scheduler | [PREDICT JOB] Generating predictions | 2026-03-22T22:20:45.828872+07:00
2026-03-22 22:20:45,891 | INFO     | features | Feature matrix: 738 rows × 108 columns
2026-03-22 22:20:49,298 | INFO     | features | Feature matrix: 737 rows × 108 columns
2026-03-22 22:20:50,127 | INFO     | features | Feature matrix: 738 rows × 108 columns
2026-03-22 22:20:50,941 | INFO     | features | Feature matrix: 738 rows × 108 columns
2026-03-22 22:20:51,743 | INFO     | features | Feature matrix: 738 rows × 108 columns
2026-03-22 22:20:52,613 | INFO     | features | Feature matrix: 738 rows × 108 columns
2026-03-22 22:20:53,362 | INFO     | features | Feature matrix: 738 rows × 108 columns
2026-03-22 22:20:54,126 | INFO     | features | Feature matrix: 735 rows × 108 columns
2026-03-22 22:20:54,991 | INFO     | features | Feature matrix: 738 rows × 108 columns
2026-03-22 22:20:55,899 | INFO     | features | Feature matrix: 738 rows × 108 columns
2026-03-22 22:20:56,784 | INFO     | features | Feature matrix: 738 rows × 108 columns
2026-03-22 22:20:57,715 | INFO     | features | Feature matrix: 758 rows × 108 columns
2026-03-22 22:20:58,630 | INFO     | features | Feature matrix: 718 rows × 108 columns
2026-03-22 22:20:59,419 | ERROR    | pipeline | Prediction failed for HPA: No trained model for HPA. Run --mode train first.
2026-03-22 22:20:59,478 | INFO     | features | Feature matrix: 758 rows × 108 columns
2026-03-22 22:21:00,258 | INFO     | features | Feature matrix: 758 rows × 108 columns
2026-03-22 22:21:01,090 | INFO     | pipeline | Predictions saved to results\predictions_20260322.json
2026-03-22 22:21:01,092 | INFO     | scheduler |   VNM    DOWN -0.02%  conf=48.9%  target=59.99
2026-03-22 22:21:01,093 | INFO     | scheduler |   VIC    DOWN -0.59%  conf=22.8%  target=134.20
2026-03-22 22:21:01,093 | INFO     | scheduler |   HPG    DOWN -0.22%  conf=35.2%  target=25.84
2026-03-22 22:21:01,093 | INFO     | scheduler |   VCB    UP   +0.40%  conf=65.4%  target=58.23
2026-03-22 22:21:01,093 | INFO     | scheduler |   FPT    UP   +0.49%  conf=61.9%  target=74.97
2026-03-22 22:21:01,094 | INFO     | scheduler |   MWG    UP   +0.41%  conf=55.0%  target=80.03
2026-03-22 22:21:01,094 | INFO     | scheduler |   MSN    DOWN -0.75%  conf=28.9%  target=70.77
2026-03-22 22:21:01,094 | INFO     | scheduler |   TCB    UP   +1.13%  conf=77.9%  target=30.19
2026-03-22 22:21:01,094 | INFO     | scheduler |   SSI    UP   +0.33%  conf=50.1%  target=27.04
2026-03-22 22:21:01,094 | INFO     | scheduler |   GAS    DOWN -0.09%  conf=41.7%  target=81.92
2026-03-22 22:21:01,094 | INFO     | scheduler |   PLX    DOWN +0.14%  conf=48.4%  target=42.86
2026-03-22 22:21:01,094 | INFO     | scheduler |   SAB    DOWN -0.76%  conf=26.1%  target=42.28
2026-03-22 22:21:01,094 | INFO     | scheduler |   VHM    DOWN -0.19%  conf=37.9%  target=99.81
2026-03-22 22:21:01,095 | INFO     | scheduler |   SHS    DOWN -0.95%  conf=20.3%  target=15.85
2026-03-22 22:21:01,095 | INFO     | scheduler |   VGI    DOWN -0.06%  conf=37.1%  target=85.55
2026-03-22 22:21:01,095 | INFO     | apscheduler.scheduler | Added job "Morning prediction" to job store "default"
2026-03-22 22:21:01,095 | INFO     | apscheduler.scheduler | Added job "Daily retrain + tune" to job store "default"
2026-03-22 22:21:01,095 | INFO     | apscheduler.scheduler | Added job "Health check" to job store "default"
2026-03-22 22:21:01,096 | INFO     | apscheduler.scheduler | Scheduler started
2026-03-22 22:30:57,106 | INFO     | apscheduler.scheduler | Adding job tentatively -- it will be properly scheduled when the scheduler starts
2026-03-22 22:30:57,106 | INFO     | apscheduler.scheduler | Adding job tentatively -- it will be properly scheduled when the scheduler starts
2026-03-22 22:30:57,107 | INFO     | apscheduler.scheduler | Adding job tentatively -- it will be properly scheduled when the scheduler starts
2026-03-22 22:30:57,107 | INFO     | scheduler | Registered jobs:
2026-03-22 22:30:57,107 | INFO     | scheduler |   [predict_morning] Morning prediction  next_run=calculated at start
2026-03-22 22:30:57,107 | INFO     | scheduler |   [retrain_daily] Daily retrain + tune  next_run=calculated at start
2026-03-22 22:30:57,107 | INFO     | scheduler |   [health_check] Health check  next_run=calculated at start
2026-03-22 22:30:57,107 | INFO     | scheduler | ============================================================
2026-03-22 22:30:57,108 | INFO     | scheduler | Vietnam Stock AI -- Daily Scheduler STARTED
2026-03-22 22:30:57,108 | INFO     | scheduler | Symbols  : VNM, VIC, HPG, VCB, FPT, MWG, MSN, TCB, SSI, GAS, PLX, SAB, VHM, HPA, SHS, VGI
2026-03-22 22:30:57,108 | INFO     | scheduler | Horizon  : 5 days
2026-03-22 22:30:57,108 | INFO     | scheduler | Timezone : Asia/Ho_Chi_Minh
2026-03-22 22:30:57,108 | INFO     | scheduler | Press Ctrl+C to stop.
2026-03-22 22:30:57,108 | INFO     | scheduler | ============================================================
2026-03-22 22:30:57,109 | INFO     | scheduler | Running initial prediction now...
2026-03-22 22:30:57,109 | INFO     | scheduler | [PREDICT JOB] Generating predictions | 2026-03-22T22:30:57.109209+07:00
2026-03-22 22:30:57,168 | INFO     | features | Feature matrix: 738 rows × 108 columns
2026-03-22 22:31:01,011 | WARNING  | models | LSTM model not found for VNM; using XGB+LGBM only
2026-03-22 22:31:01,021 | ERROR    | pipeline | Prediction failed for VNM: 'NoneType' object has no attribute 'transform'
2026-03-22 22:31:01,067 | INFO     | features | Feature matrix: 737 rows × 108 columns
2026-03-22 22:31:01,076 | WARNING  | models | LSTM model not found for VIC; using XGB+LGBM only
2026-03-22 22:31:01,081 | ERROR    | pipeline | Prediction failed for VIC: 'NoneType' object has no attribute 'transform'
2026-03-22 22:31:01,132 | INFO     | features | Feature matrix: 738 rows × 108 columns
2026-03-22 22:31:01,576 | WARNING  | models | LSTM model not found for HPG; using XGB+LGBM only
2026-03-22 22:31:01,581 | ERROR    | pipeline | Prediction failed for HPG: 'NoneType' object has no attribute 'transform'
2026-03-22 22:31:01,630 | INFO     | features | Feature matrix: 738 rows × 108 columns
2026-03-22 22:31:01,641 | WARNING  | models | LSTM model not found for VCB; using XGB+LGBM only
2026-03-22 22:31:01,646 | ERROR    | pipeline | Prediction failed for VCB: 'NoneType' object has no attribute 'transform'
2026-03-22 22:31:01,691 | INFO     | features | Feature matrix: 738 rows × 108 columns
2026-03-22 22:31:01,700 | WARNING  | models | LSTM model not found for FPT; using XGB+LGBM only
2026-03-22 22:31:01,705 | ERROR    | pipeline | Prediction failed for FPT: 'NoneType' object has no attribute 'transform'
2026-03-22 22:31:01,753 | INFO     | features | Feature matrix: 738 rows × 108 columns
2026-03-22 22:31:01,764 | WARNING  | models | LSTM model not found for MWG; using XGB+LGBM only
2026-03-22 22:31:01,768 | ERROR    | pipeline | Prediction failed for MWG: 'NoneType' object has no attribute 'transform'
2026-03-22 22:31:01,818 | INFO     | features | Feature matrix: 738 rows × 108 columns
2026-03-22 22:31:01,828 | WARNING  | models | LSTM model not found for MSN; using XGB+LGBM only
2026-03-22 22:31:01,832 | ERROR    | pipeline | Prediction failed for MSN: 'NoneType' object has no attribute 'transform'
2026-03-22 22:31:01,878 | INFO     | features | Feature matrix: 735 rows × 108 columns
2026-03-22 22:31:01,891 | WARNING  | models | LSTM model not found for TCB; using XGB+LGBM only
2026-03-22 22:31:01,896 | ERROR    | pipeline | Prediction failed for TCB: 'NoneType' object has no attribute 'transform'
2026-03-22 22:31:01,943 | INFO     | features | Feature matrix: 738 rows × 108 columns
2026-03-22 22:31:01,951 | WARNING  | models | LSTM model not found for SSI; using XGB+LGBM only
2026-03-22 22:31:01,955 | ERROR    | pipeline | Prediction failed for SSI: 'NoneType' object has no attribute 'transform'
2026-03-22 22:31:02,001 | INFO     | features | Feature matrix: 738 rows × 108 columns
2026-03-22 22:31:02,013 | WARNING  | models | LSTM model not found for GAS; using XGB+LGBM only
2026-03-22 22:31:02,018 | ERROR    | pipeline | Prediction failed for GAS: 'NoneType' object has no attribute 'transform'
2026-03-22 22:31:02,065 | INFO     | features | Feature matrix: 738 rows × 108 columns
2026-03-22 22:31:02,077 | WARNING  | models | LSTM model not found for PLX; using XGB+LGBM only
2026-03-22 22:31:02,081 | ERROR    | pipeline | Prediction failed for PLX: 'NoneType' object has no attribute 'transform'
2026-03-22 22:31:02,146 | INFO     | features | Feature matrix: 758 rows × 108 columns
2026-03-22 22:31:02,159 | WARNING  | models | LSTM model not found for SAB; using XGB+LGBM only
2026-03-22 22:31:02,164 | ERROR    | pipeline | Prediction failed for SAB: 'NoneType' object has no attribute 'transform'
2026-03-22 22:31:02,212 | INFO     | features | Feature matrix: 718 rows × 108 columns
2026-03-22 22:31:02,226 | WARNING  | models | LSTM model not found for VHM; using XGB+LGBM only
2026-03-22 22:31:02,232 | ERROR    | pipeline | Prediction failed for VHM: 'NoneType' object has no attribute 'transform'
2026-03-22 22:31:02,233 | ERROR    | pipeline | Prediction failed for HPA: No trained model for HPA. Run --mode train first.
2026-03-22 22:31:02,286 | INFO     | features | Feature matrix: 758 rows × 108 columns
2026-03-22 22:31:02,298 | WARNING  | models | LSTM model not found for SHS; using XGB+LGBM only
2026-03-22 22:31:02,302 | ERROR    | pipeline | Prediction failed for SHS: 'NoneType' object has no attribute 'transform'
2026-03-22 22:31:02,384 | INFO     | features | Feature matrix: 758 rows × 108 columns
2026-03-22 22:31:02,395 | WARNING  | models | LSTM model not found for VGI; using XGB+LGBM only
2026-03-22 22:31:02,399 | ERROR    | pipeline | Prediction failed for VGI: 'NoneType' object has no attribute 'transform'
2026-03-22 22:31:02,401 | INFO     | pipeline | Predictions saved to results\predictions_20260322.json
2026-03-22 22:31:02,402 | INFO     | apscheduler.scheduler | Added job "Morning prediction" to job store "default"
2026-03-22 22:31:02,402 | INFO     | apscheduler.scheduler | Added job "Daily retrain + tune" to job store "default"
2026-03-22 22:31:02,402 | INFO     | apscheduler.scheduler | Added job "Health check" to job store "default"
2026-03-22 22:31:02,402 | INFO     | apscheduler.scheduler | Scheduler started
